#History
0x74D1EF90_74D1EF9035C0B105 6 2011/09/06 12:21     # Screaming Trees                - Crawl Space                   
0x75A1490F_75A1490F58B08105 6 2011/09/06 12:25     # SpiralArms                     - Later On                      
0x2D61E89A_2D61E89A61F08102 6 2011/09/06 12:30     # Alice In Chains                - Nutshell                      
0x34B22691_34B2269139C14093 6 2011/09/06 13:20     # Cage The Elephant              - Drones In The Valley          
0x75E26C05_75E26C0569C050C2 6 2011/09/06 13:24     # Stone Temple Pilots            - Pruno                         
0x5D30CC0A_5D30CC0A81D020FC 6 2011/09/06 13:29     # Misono                         - VS                            
0x74D1EC8C_74D1EC8C5930B099 6 2011/09/06 13:31     # Screaming Trees                - Like I Said                   
0x3560CE9D_3560CE9D2D6100F9 6 2011/09/06 13:38     # Clutch                         - Algo Ha Cambiado              
0x2D61E808_2D61E8084DE12115 6 2011/09/06 13:43     # Alice In Chains                - It Ain't Like That            
0x34B24697_34B2469745C0710B 6 2011/09/06 13:48     # Card Captor Sakura             - Groovy!                       
0x38F1EEA4_38F1EEA4792160DF 6 2011/09/06 14:00     # Decadent Nation                - The Day the World Ends        
0x74F12E89_74F12E898D9100BF 6 2011/09/06 14:03     # Seatbelts                      - You Make Me Cool              
0x6130EC04_6130EC045D90C071 6 2011/09/06 14:05     # Nirvana                        - Molly's Lips                  
0x6DF2EB15_6DF2EB154D80A0F1 6 2011/09/06 14:09     # Queens of the Stone Age        - In My Head                    
0x69F1AE96_69F1AE9630F120C7 8 4                    # Puffy AmiYumi                  - Be Someone Tonight            
0x69F1AE96_69F1AE9630F120C7 6 2011/09/06 14:15     # Puffy AmiYumi                  - Be Someone Tonight            
0x70F2AE90_70F2AE9049F0C0D5 6 2011/09/06 14:19     # Red Hot Chili Peppers          - Hump De Bump                  
0x69316D12_69316D127990A13C 6 2011/09/06 15:13     # The Pillows                    - Today, She                    
0x69F1D02B_69F1D02B7D8070B2 6 2011/09/06 15:16     # Puddle of Mudd                 - Uno Mas                       
0x38F1ED05_38F1ED054190F148 6 2011/09/06 15:45     # Decadent Nation                - Forget Tommorow               
0x31616C04_31616C0469F040D0 6 2011/09/08 17:03     # Blind Melon                    - Pull                          
0x5D920585_5D92058548F0A115 6 2011/09/08 17:07     # Mother Love Bone               - Heartshine                    
0x68B10F87_68B10F87852140CB 6 2011/09/10 17:51     # Paramore                       - When It Rains (Demo)          
0x69316E0C_85209075 6 2011/09/17 22:15     # The Pillows                    - White Ash                     
0x30F0A606_38B0A0E2 6 2011/09/17 22:19     # Beast                          - Dark Eyes                     
0x75916712_60F190D8 6 2011/09/17 22:19     # Soundgarden                    - Never the Machine Forever     
0x69316E0C_85209075 6 2011/09/17 22:27     # The Pillows                    - White Ash                     
0x78F22F11_8D90B0F4 6 2011/09/17 22:30     # Temple Of The Dog              - Your Savior                   
0x00000000_00000000 6 2011/09/21 21:28     # Beast                          - Interlude 2                   
